[debug] [2025-03-19T13:46:12.561Z] ----------------------------------------------------------------------
[debug] [2025-03-19T13:46:12.565Z] Command:       C:\Program Files\nodejs\node.exe C:\Users\User\AppData\Roaming\npm\node_modules\firebase-tools\lib\bin\firebase.js deploy --only functions
[debug] [2025-03-19T13:46:12.565Z] CLI Version:   13.34.0
[debug] [2025-03-19T13:46:12.566Z] Platform:      win32
[debug] [2025-03-19T13:46:12.566Z] Node Version:  v20.11.1
[debug] [2025-03-19T13:46:12.566Z] Time:          Wed Mar 19 2025 10:46:12 GMT-0300 (Horário Padrão de Brasília)
[debug] [2025-03-19T13:46:12.566Z] ----------------------------------------------------------------------
[debug] 
[debug] [2025-03-19T13:46:12.796Z] Object "/functions" in "firebase.json" has unknown property: {"additionalProperty":"dotEnv"}
[debug] [2025-03-19T13:46:12.797Z] Field "/functions" in "firebase.json" is possibly invalid: must be array
[debug] [2025-03-19T13:46:12.797Z] Field "/functions" in "firebase.json" is possibly invalid: must match a schema in anyOf
[debug] [2025-03-19T13:46:12.802Z] > command requires scopes: ["email","openid","https://www.googleapis.com/auth/cloudplatformprojects.readonly","https://www.googleapis.com/auth/firebase","https://www.googleapis.com/auth/cloud-platform"]
[debug] [2025-03-19T13:46:12.802Z] > authorizing via signed-in user (brunodesigner3@gmail.com)
[debug] [2025-03-19T13:46:12.802Z] [iam] checking project bancopowerbi for permissions ["cloudfunctions.functions.create","cloudfunctions.functions.delete","cloudfunctions.functions.get","cloudfunctions.functions.list","cloudfunctions.functions.update","cloudfunctions.operations.get","firebase.projects.get"]
[debug] [2025-03-19T13:46:12.803Z] Checked if tokens are valid: false, expires at: 1742332322652
[debug] [2025-03-19T13:46:12.804Z] Checked if tokens are valid: false, expires at: 1742332322652
[debug] [2025-03-19T13:46:12.804Z] > refreshing access token with scopes: []
[debug] [2025-03-19T13:46:12.806Z] >>> [apiv2][query] POST https://www.googleapis.com/oauth2/v3/token [none]
[debug] [2025-03-19T13:46:12.806Z] >>> [apiv2][body] POST https://www.googleapis.com/oauth2/v3/token [omitted]
[debug] [2025-03-19T13:46:14.434Z] <<< [apiv2][status] POST https://www.googleapis.com/oauth2/v3/token 200
[debug] [2025-03-19T13:46:14.435Z] <<< [apiv2][body] POST https://www.googleapis.com/oauth2/v3/token [omitted]
[debug] [2025-03-19T13:46:14.447Z] >>> [apiv2][query] POST https://cloudresourcemanager.googleapis.com/v1/projects/bancopowerbi:testIamPermissions [none]
[debug] [2025-03-19T13:46:14.447Z] >>> [apiv2][(partial)header] POST https://cloudresourcemanager.googleapis.com/v1/projects/bancopowerbi:testIamPermissions x-goog-quota-user=projects/bancopowerbi
[debug] [2025-03-19T13:46:14.447Z] >>> [apiv2][body] POST https://cloudresourcemanager.googleapis.com/v1/projects/bancopowerbi:testIamPermissions {"permissions":["cloudfunctions.functions.create","cloudfunctions.functions.delete","cloudfunctions.functions.get","cloudfunctions.functions.list","cloudfunctions.functions.update","cloudfunctions.operations.get","firebase.projects.get"]}
[debug] [2025-03-19T13:46:15.469Z] <<< [apiv2][status] POST https://cloudresourcemanager.googleapis.com/v1/projects/bancopowerbi:testIamPermissions 200
[debug] [2025-03-19T13:46:15.469Z] <<< [apiv2][body] POST https://cloudresourcemanager.googleapis.com/v1/projects/bancopowerbi:testIamPermissions {"permissions":["cloudfunctions.functions.create","cloudfunctions.functions.delete","cloudfunctions.functions.get","cloudfunctions.functions.list","cloudfunctions.functions.update","cloudfunctions.operations.get","firebase.projects.get"]}
[debug] [2025-03-19T13:46:15.469Z] Checked if tokens are valid: true, expires at: 1742395572435
[debug] [2025-03-19T13:46:15.469Z] Checked if tokens are valid: true, expires at: 1742395572435
[debug] [2025-03-19T13:46:15.469Z] >>> [apiv2][query] POST https://iam.googleapis.com/v1/projects/bancopowerbi/serviceAccounts/bancopowerbi@appspot.gserviceaccount.com:testIamPermissions [none]
[debug] [2025-03-19T13:46:15.469Z] >>> [apiv2][body] POST https://iam.googleapis.com/v1/projects/bancopowerbi/serviceAccounts/bancopowerbi@appspot.gserviceaccount.com:testIamPermissions {"permissions":["iam.serviceAccounts.actAs"]}
[debug] [2025-03-19T13:46:16.438Z] <<< [apiv2][status] POST https://iam.googleapis.com/v1/projects/bancopowerbi/serviceAccounts/bancopowerbi@appspot.gserviceaccount.com:testIamPermissions 200
[debug] [2025-03-19T13:46:16.438Z] <<< [apiv2][body] POST https://iam.googleapis.com/v1/projects/bancopowerbi/serviceAccounts/bancopowerbi@appspot.gserviceaccount.com:testIamPermissions {"permissions":["iam.serviceAccounts.actAs"]}
[info] 
[info] === Deploying to 'bancopowerbi'...
[info] 
[info] i  deploying functions 
[debug] [2025-03-19T13:46:16.443Z] Checked if tokens are valid: true, expires at: 1742395572435
[debug] [2025-03-19T13:46:16.443Z] Checked if tokens are valid: true, expires at: 1742395572435
[debug] [2025-03-19T13:46:16.443Z] >>> [apiv2][query] GET https://cloudresourcemanager.googleapis.com/v1/projects/bancopowerbi [none]
[debug] [2025-03-19T13:46:16.664Z] <<< [apiv2][status] GET https://cloudresourcemanager.googleapis.com/v1/projects/bancopowerbi 200
[debug] [2025-03-19T13:46:16.664Z] <<< [apiv2][body] GET https://cloudresourcemanager.googleapis.com/v1/projects/bancopowerbi {"projectNumber":"630219075006","projectId":"bancopowerbi","lifecycleState":"ACTIVE","name":"bancopowerbi","labels":{"firebase":"enabled"},"createTime":"2024-07-21T18:19:17.511434Z"}
[info] i  functions: preparing codebase default for deployment 
[info] i  functions: ensuring required API cloudfunctions.googleapis.com is enabled... 
[debug] [2025-03-19T13:46:16.665Z] Checked if tokens are valid: true, expires at: 1742395572435
[debug] [2025-03-19T13:46:16.666Z] Checked if tokens are valid: true, expires at: 1742395572435
[debug] [2025-03-19T13:46:16.666Z] Checked if tokens are valid: true, expires at: 1742395572435
[debug] [2025-03-19T13:46:16.666Z] Checked if tokens are valid: true, expires at: 1742395572435
[info] i  functions: ensuring required API cloudbuild.googleapis.com is enabled... 
[debug] [2025-03-19T13:46:16.666Z] Checked if tokens are valid: true, expires at: 1742395572435
[debug] [2025-03-19T13:46:16.666Z] Checked if tokens are valid: true, expires at: 1742395572435
[info] i  artifactregistry: ensuring required API artifactregistry.googleapis.com is enabled... 
[debug] [2025-03-19T13:46:16.667Z] Checked if tokens are valid: true, expires at: 1742395572435
[debug] [2025-03-19T13:46:16.667Z] Checked if tokens are valid: true, expires at: 1742395572435
[debug] [2025-03-19T13:46:16.667Z] >>> [apiv2][query] GET https://serviceusage.googleapis.com/v1/projects/bancopowerbi/services/cloudfunctions.googleapis.com [none]
[debug] [2025-03-19T13:46:16.667Z] >>> [apiv2][(partial)header] GET https://serviceusage.googleapis.com/v1/projects/bancopowerbi/services/cloudfunctions.googleapis.com x-goog-quota-user=projects/bancopowerbi
[debug] [2025-03-19T13:46:16.669Z] >>> [apiv2][query] GET https://serviceusage.googleapis.com/v1/projects/bancopowerbi/services/runtimeconfig.googleapis.com [none]
[debug] [2025-03-19T13:46:16.669Z] >>> [apiv2][(partial)header] GET https://serviceusage.googleapis.com/v1/projects/bancopowerbi/services/runtimeconfig.googleapis.com x-goog-quota-user=projects/bancopowerbi
[debug] [2025-03-19T13:46:16.671Z] >>> [apiv2][query] GET https://serviceusage.googleapis.com/v1/projects/bancopowerbi/services/cloudbuild.googleapis.com [none]
[debug] [2025-03-19T13:46:16.671Z] >>> [apiv2][(partial)header] GET https://serviceusage.googleapis.com/v1/projects/bancopowerbi/services/cloudbuild.googleapis.com x-goog-quota-user=projects/bancopowerbi
[debug] [2025-03-19T13:46:16.673Z] >>> [apiv2][query] GET https://serviceusage.googleapis.com/v1/projects/bancopowerbi/services/artifactregistry.googleapis.com [none]
[debug] [2025-03-19T13:46:16.673Z] >>> [apiv2][(partial)header] GET https://serviceusage.googleapis.com/v1/projects/bancopowerbi/services/artifactregistry.googleapis.com x-goog-quota-user=projects/bancopowerbi
[debug] [2025-03-19T13:46:17.906Z] <<< [apiv2][status] GET https://serviceusage.googleapis.com/v1/projects/bancopowerbi/services/artifactregistry.googleapis.com 200
[debug] [2025-03-19T13:46:17.906Z] <<< [apiv2][body] GET https://serviceusage.googleapis.com/v1/projects/bancopowerbi/services/artifactregistry.googleapis.com [omitted]
[info] +  artifactregistry: required API artifactregistry.googleapis.com is enabled 
[debug] [2025-03-19T13:46:17.907Z] <<< [apiv2][status] GET https://serviceusage.googleapis.com/v1/projects/bancopowerbi/services/runtimeconfig.googleapis.com 200
[debug] [2025-03-19T13:46:17.907Z] <<< [apiv2][body] GET https://serviceusage.googleapis.com/v1/projects/bancopowerbi/services/runtimeconfig.googleapis.com [omitted]
[debug] [2025-03-19T13:46:17.908Z] <<< [apiv2][status] GET https://serviceusage.googleapis.com/v1/projects/bancopowerbi/services/cloudbuild.googleapis.com 200
[debug] [2025-03-19T13:46:17.908Z] <<< [apiv2][body] GET https://serviceusage.googleapis.com/v1/projects/bancopowerbi/services/cloudbuild.googleapis.com [omitted]
[info] +  functions: required API cloudbuild.googleapis.com is enabled 
[debug] [2025-03-19T13:46:17.911Z] <<< [apiv2][status] GET https://serviceusage.googleapis.com/v1/projects/bancopowerbi/services/cloudfunctions.googleapis.com 200
[debug] [2025-03-19T13:46:17.911Z] <<< [apiv2][body] GET https://serviceusage.googleapis.com/v1/projects/bancopowerbi/services/cloudfunctions.googleapis.com [omitted]
[info] +  functions: required API cloudfunctions.googleapis.com is enabled 
[debug] [2025-03-19T13:46:17.911Z] Checked if tokens are valid: true, expires at: 1742395572435
[debug] [2025-03-19T13:46:17.912Z] Checked if tokens are valid: true, expires at: 1742395572435
[debug] [2025-03-19T13:46:17.912Z] >>> [apiv2][query] GET https://firebase.googleapis.com/v1beta1/projects/bancopowerbi/adminSdkConfig [none]
[debug] [2025-03-19T13:46:18.683Z] <<< [apiv2][status] GET https://firebase.googleapis.com/v1beta1/projects/bancopowerbi/adminSdkConfig 200
[debug] [2025-03-19T13:46:18.683Z] <<< [apiv2][body] GET https://firebase.googleapis.com/v1beta1/projects/bancopowerbi/adminSdkConfig {"projectId":"bancopowerbi","databaseURL":"https://bancopowerbi-default-rtdb.firebaseio.com","storageBucket":"bancopowerbi.appspot.com","locationId":"us-central"}
[debug] [2025-03-19T13:46:18.684Z] Checked if tokens are valid: true, expires at: 1742395572435
[debug] [2025-03-19T13:46:18.684Z] Checked if tokens are valid: true, expires at: 1742395572435
[debug] [2025-03-19T13:46:18.684Z] >>> [apiv2][query] GET https://runtimeconfig.googleapis.com/v1beta1/projects/bancopowerbi/configs [none]
[debug] [2025-03-19T13:46:19.832Z] <<< [apiv2][status] GET https://runtimeconfig.googleapis.com/v1beta1/projects/bancopowerbi/configs 200
[debug] [2025-03-19T13:46:19.832Z] <<< [apiv2][body] GET https://runtimeconfig.googleapis.com/v1beta1/projects/bancopowerbi/configs {"configs":[{"name":"projects/bancopowerbi/configs/email"}]}
[debug] [2025-03-19T13:46:19.833Z] Checked if tokens are valid: true, expires at: 1742395572435
[debug] [2025-03-19T13:46:19.833Z] Checked if tokens are valid: true, expires at: 1742395572435
[debug] [2025-03-19T13:46:19.833Z] >>> [apiv2][query] GET https://runtimeconfig.googleapis.com/v1beta1/projects/bancopowerbi/configs/email/variables [none]
[debug] [2025-03-19T13:46:20.287Z] <<< [apiv2][status] GET https://runtimeconfig.googleapis.com/v1beta1/projects/bancopowerbi/configs/email/variables 200
[debug] [2025-03-19T13:46:20.287Z] <<< [apiv2][body] GET https://runtimeconfig.googleapis.com/v1beta1/projects/bancopowerbi/configs/email/variables {"variables":[{"name":"projects/bancopowerbi/configs/email/variables/user","updateTime":"2025-03-18T20:04:16.515325606Z"},{"name":"projects/bancopowerbi/configs/email/variables/pass","updateTime":"2025-03-18T20:04:16.478170805Z"}]}
[debug] [2025-03-19T13:46:20.287Z] Checked if tokens are valid: true, expires at: 1742395572435
[debug] [2025-03-19T13:46:20.287Z] Checked if tokens are valid: true, expires at: 1742395572435
[debug] [2025-03-19T13:46:20.288Z] Checked if tokens are valid: true, expires at: 1742395572435
[debug] [2025-03-19T13:46:20.288Z] Checked if tokens are valid: true, expires at: 1742395572435
[debug] [2025-03-19T13:46:20.288Z] >>> [apiv2][query] GET https://runtimeconfig.googleapis.com/v1beta1/projects/bancopowerbi/configs/email/variables/user [none]
[debug] [2025-03-19T13:46:20.288Z] >>> [apiv2][query] GET https://runtimeconfig.googleapis.com/v1beta1/projects/bancopowerbi/configs/email/variables/pass [none]
[debug] [2025-03-19T13:46:20.590Z] <<< [apiv2][status] GET https://runtimeconfig.googleapis.com/v1beta1/projects/bancopowerbi/configs/email/variables/user 200
[debug] [2025-03-19T13:46:20.590Z] <<< [apiv2][body] GET https://runtimeconfig.googleapis.com/v1beta1/projects/bancopowerbi/configs/email/variables/user {"name":"projects/bancopowerbi/configs/email/variables/user","updateTime":"2025-03-18T20:04:16.515325606Z","text":"brunodesigner3@gmail.com"}
[debug] [2025-03-19T13:46:21.319Z] <<< [apiv2][status] GET https://runtimeconfig.googleapis.com/v1beta1/projects/bancopowerbi/configs/email/variables/pass 200
[debug] [2025-03-19T13:46:21.319Z] <<< [apiv2][body] GET https://runtimeconfig.googleapis.com/v1beta1/projects/bancopowerbi/configs/email/variables/pass {"name":"projects/bancopowerbi/configs/email/variables/pass","updateTime":"2025-03-18T20:04:16.478170805Z","text":"siuomveozdbubhrc"}
[debug] [2025-03-19T13:46:21.321Z] Validating nodejs source
[debug] [2025-03-19T13:46:22.812Z] > [functions] package.json contents: {
  "name": "functions",
  "description": "Cloud Functions for Firebase",
  "type": "module",
  "main": "index.js",
  "scripts": {
    "lint": "eslint .",
    "serve": "firebase emulators:start --only functions",
    "shell": "firebase functions:shell",
    "start": "npm run shell",
    "deploy": "firebase deploy --only functions",
    "logs": "firebase functions:log"
  },
  "engines": {
    "node": "20"
  },
  "dependencies": {
    "cors": "^2.8.5",
    "express": "^4.21.2",
    "firebase-admin": "^13.2.0",
    "firebase-functions": "^6.3.2",
    "nodemailer": "^6.10.0",
    "react-dotenv": "^0.1.3"
  },
  "devDependencies": {
    "eslint": "^8.57.0",
    "eslint-config-google": "^0.14.0",
    "firebase-functions-test": "^3.1.0"
  },
  "private": true
}
[debug] [2025-03-19T13:46:22.812Z] Building nodejs source
[info] i  functions: Loading and analyzing source code for codebase default to determine what to deploy 
[debug] [2025-03-19T13:46:22.819Z] Could not find functions.yaml. Must use http discovery
[debug] [2025-03-19T13:46:22.827Z] Found firebase-functions binary at 'C:\TRABALHOS\apps\fokus360\backend\functions\node_modules\.bin\firebase-functions'
[info] Serving at port 8944

[debug] [2025-03-19T13:46:24.143Z] Got response from /__/functions.yaml {"endpoints":{"api":{"availableMemoryMb":null,"timeoutSeconds":null,"minInstances":null,"maxInstances":null,"ingressSettings":null,"concurrency":null,"serviceAccountEmail":null,"vpc":null,"platform":"gcfv2","region":["us-central1"],"labels":{},"httpsTrigger":{},"entryPoint":"api"}},"specVersion":"v1alpha1","requiredAPIs":[],"extensions":{},"params":[{"name":"email.user","type":"string"},{"name":"email.pass","type":"string"}]}
[info] i  extensions: ensuring required API firebaseextensions.googleapis.com is enabled... 
[debug] [2025-03-19T13:46:29.183Z] Checked if tokens are valid: true, expires at: 1742395572435
[debug] [2025-03-19T13:46:29.183Z] Checked if tokens are valid: true, expires at: 1742395572435
[debug] [2025-03-19T13:46:29.183Z] >>> [apiv2][query] GET https://serviceusage.googleapis.com/v1/projects/bancopowerbi/services/firebaseextensions.googleapis.com [none]
[debug] [2025-03-19T13:46:29.183Z] >>> [apiv2][(partial)header] GET https://serviceusage.googleapis.com/v1/projects/bancopowerbi/services/firebaseextensions.googleapis.com x-goog-quota-user=projects/bancopowerbi
[debug] [2025-03-19T13:46:30.212Z] <<< [apiv2][status] GET https://serviceusage.googleapis.com/v1/projects/bancopowerbi/services/firebaseextensions.googleapis.com 200
[debug] [2025-03-19T13:46:30.212Z] <<< [apiv2][body] GET https://serviceusage.googleapis.com/v1/projects/bancopowerbi/services/firebaseextensions.googleapis.com [omitted]
[info] +  extensions: required API firebaseextensions.googleapis.com is enabled 
[debug] [2025-03-19T13:46:30.213Z] > command requires scopes: ["email","openid","https://www.googleapis.com/auth/cloudplatformprojects.readonly","https://www.googleapis.com/auth/firebase","https://www.googleapis.com/auth/cloud-platform"]
[debug] [2025-03-19T13:46:30.213Z] > authorizing via signed-in user (brunodesigner3@gmail.com)
[debug] [2025-03-19T13:46:30.213Z] [iam] checking project bancopowerbi for permissions ["firebase.projects.get","firebaseextensions.instances.list"]
[debug] [2025-03-19T13:46:30.213Z] Checked if tokens are valid: true, expires at: 1742395572435
[debug] [2025-03-19T13:46:30.213Z] Checked if tokens are valid: true, expires at: 1742395572435
[debug] [2025-03-19T13:46:30.213Z] >>> [apiv2][query] POST https://cloudresourcemanager.googleapis.com/v1/projects/bancopowerbi:testIamPermissions [none]
[debug] [2025-03-19T13:46:30.213Z] >>> [apiv2][(partial)header] POST https://cloudresourcemanager.googleapis.com/v1/projects/bancopowerbi:testIamPermissions x-goog-quota-user=projects/bancopowerbi
[debug] [2025-03-19T13:46:30.213Z] >>> [apiv2][body] POST https://cloudresourcemanager.googleapis.com/v1/projects/bancopowerbi:testIamPermissions {"permissions":["firebase.projects.get","firebaseextensions.instances.list"]}
[debug] [2025-03-19T13:46:31.066Z] <<< [apiv2][status] POST https://cloudresourcemanager.googleapis.com/v1/projects/bancopowerbi:testIamPermissions 200
[debug] [2025-03-19T13:46:31.067Z] <<< [apiv2][body] POST https://cloudresourcemanager.googleapis.com/v1/projects/bancopowerbi:testIamPermissions {"permissions":["firebase.projects.get","firebaseextensions.instances.list"]}
[debug] [2025-03-19T13:46:31.067Z] Checked if tokens are valid: true, expires at: 1742395572435
[debug] [2025-03-19T13:46:31.068Z] Checked if tokens are valid: true, expires at: 1742395572435
[debug] [2025-03-19T13:46:31.069Z] >>> [apiv2][query] GET https://firebaseextensions.googleapis.com/v1beta/projects/bancopowerbi/instances pageSize=100&pageToken=
[debug] [2025-03-19T13:46:32.345Z] <<< [apiv2][status] GET https://firebaseextensions.googleapis.com/v1beta/projects/bancopowerbi/instances 200
[debug] [2025-03-19T13:46:32.346Z] <<< [apiv2][body] GET https://firebaseextensions.googleapis.com/v1beta/projects/bancopowerbi/instances {}
[info] i  functions: Loaded environment variables from .env, .env.bancopowerbi. 
[info] i  functions: Loaded environment variables from .env, .env.bancopowerbi. 
[info] i  functions: Loaded environment variables from .env, .env.bancopowerbi. 
[debug] [2025-03-19T13:47:02.643Z] Error: Key email.user must start with an uppercase ASCII letter or underscore, and then consist of uppercase ASCII letters, digits, and underscores.
    at validateKey (C:\Users\User\AppData\Roaming\npm\node_modules\firebase-tools\lib\functions\env.js:109:15)
    at writeUserEnvs (C:\Users\User\AppData\Roaming\npm\node_modules\firebase-tools\lib\functions\env.js:182:9)
    at Object.resolveBackend (C:\Users\User\AppData\Roaming\npm\node_modules\firebase-tools\lib\deploy\functions\build.js:69:29)
    at process.processTicksAndRejections (node:internal/process/task_queues:95:5)
    at async prepare (C:\Users\User\AppData\Roaming\npm\node_modules\firebase-tools\lib\deploy\functions\prepare.js:79:62)
    at async chain (C:\Users\User\AppData\Roaming\npm\node_modules\firebase-tools\lib\deploy\index.js:40:9)
    at async deploy (C:\Users\User\AppData\Roaming\npm\node_modules\firebase-tools\lib\deploy\index.js:111:5)
[error] 
[error] Error: An unexpected error has occurred.
